<?xml version="1.0" encoding="UTF-8"?>
<!-- Generated by org.testng.reporters.JUnitReportReporter -->
<testsuite skipped="1" hostname="DESKTOP-IQDLTMA" name="com.makemytrip.MyTrip" tests="2" failures="0" timestamp="2021-06-26T22:13:37 IST" time="12.357" errors="0">
  <testcase name="searchFlight" time="12.357" classname="com.makemytrip.MyTrip"/>
  <system-out/>
  <testcase name="login" classname="com.makemytrip.MyTrip">
    <skipped/>
  </testcase> <!-- login -->
  <system-out/>
</testsuite> <!-- com.makemytrip.MyTrip -->
